<?xml version="1.0" encoding="UTF-8"?>
<testng-results skipped="0" failed="0" ignored="7" total="8" passed="1">
  <reporter-output>
  </reporter-output>
  <suite name="Default Suite" duration-ms="13947" started-at="2021-02-18T14:47:38Z" finished-at="2021-02-18T14:47:52Z">
    <groups>
    </groups>
    <test name="sekolahqa" duration-ms="13947" started-at="2021-02-18T14:47:38Z" finished-at="2021-02-18T14:47:52Z">
      <class name="com.orangehrm.LoginTest">
        <test-method status="PASS" signature="LoginWithValidFormatAdmin()[pri:0, instance:com.orangehrm.LoginTest@338fc1d8]" name="LoginWithValidFormatAdmin" duration-ms="13921" started-at="2021-02-18T14:47:38Z" finished-at="2021-02-18T14:47:52Z">
          <reporter-output>
          </reporter-output>
        </test-method> <!-- LoginWithValidFormatAdmin -->
      </class> <!-- com.orangehrm.LoginTest -->
    </test> <!-- sekolahqa -->
  </suite> <!-- Default Suite -->
</testng-results>
